2022-11-15 17:39:02 [scrapy.utils.log] INFO: Scrapy 2.7.0 started (bot: project_novel)
2022-11-15 17:39:02 [scrapy.utils.log] INFO: Versions: lxml 4.9.1.0, libxml2 2.9.12, cssselect 1.1.0, parsel 1.6.0, w3lib 2.0.1, Twisted 22.8.0, Python 3.10.4 (tags/v3.10.4:9d38120, Mar 23 2022, 23:13:41) [MSC v.1929 64 bit (AMD64)], pyOpenSSL 22.1.0 (OpenSSL 3.0.5 5 Jul 2022), cryptography 38.0.1, Platform Windows-10-10.0.19044-SP0
2022-11-15 17:39:02 [scrapy.crawler] INFO: Overridden settings:
{'BOT_NAME': 'project_novel',
 'LOG_FILE': 'nv-v6.log',
 'NEWSPIDER_MODULE': 'project_novel.spiders',
 'REQUEST_FINGERPRINTER_IMPLEMENTATION': '2.7',
 'SPIDER_MODULES': ['project_novel.spiders'],
 'TWISTED_REACTOR': 'twisted.internet.asyncioreactor.AsyncioSelectorReactor',
 'USER_AGENT': 'Mozilla/5.0 (Windows NT 10.0; Win64; x64) AppleWebKit/537.36 '
               '(KHTML, like Gecko) Chrome/107.0.0.0 Safari/537.36 '
               'Edg/107.0.1418.26'}
2022-11-15 17:39:02 [asyncio] DEBUG: Using selector: SelectSelector
2022-11-15 17:39:02 [scrapy.utils.log] DEBUG: Using reactor: twisted.internet.asyncioreactor.AsyncioSelectorReactor
2022-11-15 17:39:02 [scrapy.utils.log] DEBUG: Using asyncio event loop: asyncio.windows_events._WindowsSelectorEventLoop
2022-11-15 17:39:02 [scrapy.extensions.telnet] INFO: Telnet Password: 464e94357b3e4b45
2022-11-15 17:39:02 [scrapy.middleware] INFO: Enabled extensions:
['scrapy.extensions.corestats.CoreStats',
 'scrapy.extensions.telnet.TelnetConsole',
 'scrapy.extensions.logstats.LogStats']
2022-11-15 17:39:02 [scrapy.middleware] INFO: Enabled downloader middlewares:
['scrapy.downloadermiddlewares.httpauth.HttpAuthMiddleware',
 'scrapy.downloadermiddlewares.downloadtimeout.DownloadTimeoutMiddleware',
 'scrapy.downloadermiddlewares.defaultheaders.DefaultHeadersMiddleware',
 'scrapy.downloadermiddlewares.useragent.UserAgentMiddleware',
 'scrapy.downloadermiddlewares.retry.RetryMiddleware',
 'scrapy.downloadermiddlewares.redirect.MetaRefreshMiddleware',
 'scrapy.downloadermiddlewares.httpcompression.HttpCompressionMiddleware',
 'scrapy.downloadermiddlewares.redirect.RedirectMiddleware',
 'scrapy.downloadermiddlewares.cookies.CookiesMiddleware',
 'scrapy.downloadermiddlewares.httpproxy.HttpProxyMiddleware',
 'scrapy.downloadermiddlewares.stats.DownloaderStats']
2022-11-15 17:39:02 [scrapy.middleware] INFO: Enabled spider middlewares:
['scrapy.spidermiddlewares.httperror.HttpErrorMiddleware',
 'scrapy.spidermiddlewares.offsite.OffsiteMiddleware',
 'scrapy.spidermiddlewares.referer.RefererMiddleware',
 'scrapy.spidermiddlewares.urllength.UrlLengthMiddleware',
 'scrapy.spidermiddlewares.depth.DepthMiddleware']
2022-11-15 17:39:03 [scrapy.middleware] INFO: Enabled item pipelines:
['scrapyelasticsearch.scrapyelasticsearch.ElasticSearchPipeline']
2022-11-15 17:39:03 [scrapy.core.engine] INFO: Spider opened
2022-11-15 17:39:03 [scrapy.extensions.logstats] INFO: Crawled 0 pages (at 0 pages/min), scraped 0 items (at 0 items/min)
2022-11-15 17:39:03 [scrapy.extensions.telnet] INFO: Telnet console listening on 127.0.0.1:6023
2022-11-15 17:39:03 [filelock] DEBUG: Attempting to acquire lock 2531237457072 on C:\Users\17323\AppData\Local\Programs\Python\Python310\lib\site-packages\tldextract\.suffix_cache/publicsuffix.org-tlds\de84b5ca2167d4c83e38fb162f2e8738.tldextract.json.lock
2022-11-15 17:39:03 [filelock] DEBUG: Lock 2531237457072 acquired on C:\Users\17323\AppData\Local\Programs\Python\Python310\lib\site-packages\tldextract\.suffix_cache/publicsuffix.org-tlds\de84b5ca2167d4c83e38fb162f2e8738.tldextract.json.lock
2022-11-15 17:39:03 [filelock] DEBUG: Attempting to release lock 2531237457072 on C:\Users\17323\AppData\Local\Programs\Python\Python310\lib\site-packages\tldextract\.suffix_cache/publicsuffix.org-tlds\de84b5ca2167d4c83e38fb162f2e8738.tldextract.json.lock
2022-11-15 17:39:03 [filelock] DEBUG: Lock 2531237457072 released on C:\Users\17323\AppData\Local\Programs\Python\Python310\lib\site-packages\tldextract\.suffix_cache/publicsuffix.org-tlds\de84b5ca2167d4c83e38fb162f2e8738.tldextract.json.lock
2022-11-15 17:39:03 [scrapy.downloadermiddlewares.redirect] DEBUG: Redirecting (302) to <GET https://sec.douban.com/b?r=https%3A%2F%2Fbook.douban.com%2Ftag%2F%25E5%25B0%258F%25E8%25AF%25B4%3Fstart%3D0%26type%3DT> from <GET https://book.douban.com/tag/%E5%B0%8F%E8%AF%B4?start=0&type=T>
2022-11-15 17:39:03 [scrapy.core.engine] DEBUG: Crawled (403) <GET https://sec.douban.com/b?r=https%3A%2F%2Fbook.douban.com%2Ftag%2F%25E5%25B0%258F%25E8%25AF%25B4%3Fstart%3D0%26type%3DT> (referer: None)
2022-11-15 17:39:04 [scrapy.spidermiddlewares.httperror] INFO: Ignoring response <403 https://sec.douban.com/b?r=https%3A%2F%2Fbook.douban.com%2Ftag%2F%25E5%25B0%258F%25E8%25AF%25B4%3Fstart%3D0%26type%3DT>: HTTP status code is not handled or not allowed
2022-11-15 17:39:04 [scrapy.core.engine] INFO: Closing spider (finished)
2022-11-15 17:39:04 [scrapy.statscollectors] INFO: Dumping Scrapy stats:
{'downloader/request_bytes': 776,
 'downloader/request_count': 2,
 'downloader/request_method_count/GET': 2,
 'downloader/response_bytes': 659,
 'downloader/response_count': 2,
 'downloader/response_status_count/302': 1,
 'downloader/response_status_count/403': 1,
 'elapsed_time_seconds': 0.390641,
 'finish_reason': 'finished',
 'finish_time': datetime.datetime(2022, 11, 15, 9, 39, 4, 17529),
 'httperror/response_ignored_count': 1,
 'httperror/response_ignored_status_count/403': 1,
 'log_count/DEBUG': 9,
 'log_count/INFO': 11,
 'response_received_count': 1,
 'scheduler/dequeued': 2,
 'scheduler/dequeued/memory': 2,
 'scheduler/enqueued': 2,
 'scheduler/enqueued/memory': 2,
 'start_time': datetime.datetime(2022, 11, 15, 9, 39, 3, 626888)}
2022-11-15 17:39:04 [scrapy.core.engine] INFO: Spider closed (finished)
